  camera.cpp
  glManager.cpp
  global_var.cpp
  main.cpp
C:\Users\수민\source\repos\CG_Term\Main_Term\main.cpp(39,1): warning C4326: 'main'의 반환 형식이 'int'이어야 하는데 'void'입니다.
  mainState.cpp
  model_3d.cpp
  model_maker.cpp
  object.cpp
  shader.cpp
  startState.cpp
C:\Users\수민\source\repos\CG_Term\Main_Term\startState.cpp(16,30): error C2039: 'rtsh': 'Shader'의 멤버가 아닙니다.
C:\Users\수민\source\repos\CG_Term\Main_Term\shader.h(11): message : 'Shader' 선언을 참조하십시오.
C:\Users\수민\source\repos\CG_Term\Main_Term\startState.cpp(21,64): error C2039: 'rtsh': 'Shader'의 멤버가 아닙니다.
C:\Users\수민\source\repos\CG_Term\Main_Term\shader.h(11): message : 'Shader' 선언을 참조하십시오.
C:\Users\수민\source\repos\CG_Term\Main_Term\startState.cpp(22,63): error C2039: 'rtsh': 'Shader'의 멤버가 아닙니다.
C:\Users\수민\source\repos\CG_Term\Main_Term\shader.h(11): message : 'Shader' 선언을 참조하십시오.
C:\Users\수민\source\repos\CG_Term\Main_Term\startState.cpp(23,62): error C2039: 'rtsh': 'Shader'의 멤버가 아닙니다.
C:\Users\수민\source\repos\CG_Term\Main_Term\shader.h(11): message : 'Shader' 선언을 참조하십시오.
C:\Users\수민\source\repos\CG_Term\Main_Term\startState.cpp(24,62): error C2039: 'rtsh': 'Shader'의 멤버가 아닙니다.
C:\Users\수민\source\repos\CG_Term\Main_Term\shader.h(11): message : 'Shader' 선언을 참조하십시오.
C:\Users\수민\source\repos\CG_Term\Main_Term\startState.cpp(26,59): error C2039: 'rtsh': 'Shader'의 멤버가 아닙니다.
C:\Users\수민\source\repos\CG_Term\Main_Term\shader.h(11): message : 'Shader' 선언을 참조하십시오.
C:\Users\수민\source\repos\CG_Term\Main_Term\startState.cpp(27,38): error C2039: 'k': 'GloVar'의 멤버가 아닙니다.
C:\Users\수민\source\repos\CG_Term\Main_Term\global_var.h(7): message : 'GloVar' 선언을 참조하십시오.
C:\Users\수민\source\repos\CG_Term\Main_Term\startState.cpp(27,39): error C2065: 'k': 선언되지 않은 식별자입니다.
C:\Users\수민\source\repos\CG_Term\Main_Term\startState.cpp(28,61): error C2039: 'rtsh': 'Shader'의 멤버가 아닙니다.
C:\Users\수민\source\repos\CG_Term\Main_Term\shader.h(11): message : 'Shader' 선언을 참조하십시오.
C:\Users\수민\source\repos\CG_Term\Main_Term\startState.cpp(30,63): error C2039: 'rtsh': 'Shader'의 멤버가 아닙니다.
C:\Users\수민\source\repos\CG_Term\Main_Term\shader.h(11): message : 'Shader' 선언을 참조하십시오.
C:\Users\수민\source\repos\CG_Term\Main_Term\startState.cpp(34,42): error C2039: 'k': 'GloVar'의 멤버가 아닙니다.
C:\Users\수민\source\repos\CG_Term\Main_Term\global_var.h(7): message : 'GloVar' 선언을 참조하십시오.
C:\Users\수민\source\repos\CG_Term\Main_Term\startState.cpp(34,43): error C2065: 'k': 선언되지 않은 식별자입니다.
C:\Users\수민\source\repos\CG_Term\Main_Term\startState.cpp(35,23): error C2039: 'k': 'GloVar'의 멤버가 아닙니다.
C:\Users\수민\source\repos\CG_Term\Main_Term\global_var.h(7): message : 'GloVar' 선언을 참조하십시오.
C:\Users\수민\source\repos\CG_Term\Main_Term\startState.cpp(35,25): error C2065: 'k': 선언되지 않은 식별자입니다.
C:\Users\수민\source\repos\CG_Term\Main_Term\startState.cpp(36,48): error C2039: 'k': 'GloVar'의 멤버가 아닙니다.
C:\Users\수민\source\repos\CG_Term\Main_Term\global_var.h(7): message : 'GloVar' 선언을 참조하십시오.
C:\Users\수민\source\repos\CG_Term\Main_Term\startState.cpp(36,49): error C2065: 'k': 선언되지 않은 식별자입니다.
C:\Users\수민\source\repos\CG_Term\Main_Term\startState.cpp(48,51): error C2039: 'rtsh': 'Shader'의 멤버가 아닙니다.
C:\Users\수민\source\repos\CG_Term\Main_Term\shader.h(11): message : 'Shader' 선언을 참조하십시오.
C:\Users\수민\source\repos\CG_Term\Main_Term\startState.cpp(50,10): error C2039: 'm3d': 'GloVar'의 멤버가 아닙니다.
C:\Users\수민\source\repos\CG_Term\Main_Term\global_var.h(7): message : 'GloVar' 선언을 참조하십시오.
C:\Users\수민\source\repos\CG_Term\Main_Term\startState.cpp(50,13): error C2065: 'm3d': 선언되지 않은 식별자입니다.
  state.cpp
  texture.cpp
  transform.cpp
  코드를 생성하고 있습니다...
